2014-03-27	09:59:49	+0100	d58ce9b5-dabf-4b39-b346-98bf54da4224	1	Hello World	0	OK	INTERFACE	SERVICE_ENTER		
2014-03-27	09:59:49	+0100	d58ce9b5-dabf-4b39-b346-98bf54da4224	1	Hello World	4	OK	INTERFACE	SERVICE_EXIT		
2014-03-27	09:59:49	+0100	264363df-d91a-4edb-a7da-a5eedcadab97	2	Hello World	0	OK	INTERFACE	SERVICE_ENTER		
2014-03-27	09:59:49	+0100	264363df-d91a-4edb-a7da-a5eedcadab97	2	Hello World	1	OK	INTERFACE	SERVICE_EXIT		
2014-03-27	10:14:07	+0100	c598515b-3ba1-40d5-b869-939d9addc324	1	/	0	OK	INTERFACE	SERVICE_ENTER		
2014-03-27	10:14:07	+0100	c598515b-3ba1-40d5-b869-939d9addc324	1	/	5	ERROR	INTERFACE	SERVICE_EXIT		
2014-03-27	10:14:07	+0100	365d45df-d6ca-42a7-bb02-0753f6b227db	2	/favicon.ico	0	OK	INTERFACE	SERVICE_ENTER		
2014-03-27	10:14:07	+0100	365d45df-d6ca-42a7-bb02-0753f6b227db	2	/favicon.ico	2	ERROR	INTERFACE	SERVICE_EXIT		
2014-03-27	10:14:10	+0100	d8e18ec0-4922-41a4-a4bf-8f3b6dffdd98	3	/	0	OK	INTERFACE	SERVICE_ENTER		
2014-03-27	10:14:10	+0100	d8e18ec0-4922-41a4-a4bf-8f3b6dffdd98	3	/	1	ERROR	INTERFACE	SERVICE_EXIT		
2014-03-27	10:14:23	+0100	9cfdc7b9-1373-45e0-aa89-81222c111460	4	/hello.txt	0	OK	INTERFACE	SERVICE_ENTER		
2014-03-27	10:14:23	+0100	9cfdc7b9-1373-45e0-aa89-81222c111460	4	/hello.txt	2	OK	INTERFACE	SERVICE_EXIT		
2014-03-27	10:14:40	+0100	25495a6a-8c37-4f18-a179-83fad59e3128	5	/hello.html	0	OK	INTERFACE	SERVICE_ENTER		
2014-03-27	10:14:40	+0100	25495a6a-8c37-4f18-a179-83fad59e3128	5	Read	6	OK	FILE	IO_ENTER		HelloWorld.html
2014-03-27	10:14:40	+0100	25495a6a-8c37-4f18-a179-83fad59e3128	5	Read	7	OK	FILE	IO_EXIT		HelloWorld.html
2014-03-27	10:14:40	+0100	25495a6a-8c37-4f18-a179-83fad59e3128	5	/hello.html	8	OK	INTERFACE	SERVICE_EXIT		
2014-03-27	10:14:49	+0100	165a2f79-f37e-4e16-bcf2-8613666ae602	6	/error.html	0	OK	INTERFACE	SERVICE_ENTER		
2014-03-27	10:14:49	+0100	165a2f79-f37e-4e16-bcf2-8613666ae602	6	Read	1	OK	FILE	IO_ENTER		error.html
2014-03-27	10:14:49	+0100	165a2f79-f37e-4e16-bcf2-8613666ae602	6	Read	2	ERROR	FILE	IO_EXIT		error.html
2014-03-27	10:14:49	+0100	165a2f79-f37e-4e16-bcf2-8613666ae602	6	/error.html	3	ERROR	INTERFACE	SERVICE_EXIT		
